panic error time:2024-10-06 11:35:55
runtime error: integer divide by zero
stacktrace from panic:goroutine 4 [running]:
runtime/debug.Stack()
	/opt/homebrew/Cellar/go/1.23.1/libexec/src/runtime/debug/stack.go:26 +0x64
gin_study/controllers.Recover.func1()
	/Users/ch.w/Desktop/owner/go/gin_study/controllers/common.go:91 +0x244
panic({0x10098b240?, 0x100c53fd0?})
	/opt/homebrew/Cellar/go/1.23.1/libexec/src/runtime/panic.go:785 +0x124
gin_study/controllers.UserController.GetList({}, 0x67b5627f8aa?)
	/Users/ch.w/Desktop/owner/go/gin_study/controllers/user.go:27 +0x1c
github.com/gin-gonic/gin.(*Context).Next(...)
	/Users/ch.w/go/pkg/mod/github.com/gin-gonic/gin@v1.10.0/context.go:185
gin_study/controllers.Recover(0x14000223900)
	/Users/ch.w/Desktop/owner/go/gin_study/controllers/common.go:98 +0x6c
github.com/gin-gonic/gin.(*Context).Next(...)
	/Users/ch.w/go/pkg/mod/github.com/gin-gonic/gin@v1.10.0/context.go:185
github.com/gin-gonic/gin.LoggerWithConfig.func1(0x14000223900)
	/Users/ch.w/go/pkg/mod/github.com/gin-gonic/gin@v1.10.0/logger.go:249 +0xb8
github.com/gin-gonic/gin.(*Context).Next(...)
	/Users/ch.w/go/pkg/mod/github.com/gin-gonic/gin@v1.10.0/context.go:185
github.com/gin-gonic/gin.CustomRecoveryWithWriter.func1(0x14000223900)
	/Users/ch.w/go/pkg/mod/github.com/gin-gonic/gin@v1.10.0/recovery.go:102 +0x7c
github.com/gin-gonic/gin.(*Context).Next(...)
	/Users/ch.w/go/pkg/mod/github.com/gin-gonic/gin@v1.10.0/context.go:185
github.com/gin-gonic/gin.LoggerWithConfig.func1(0x14000223900)
	/Users/ch.w/go/pkg/mod/github.com/gin-gonic/gin@v1.10.0/logger.go:249 +0xb8
github.com/gin-gonic/gin.(*Context).Next(...)
	/Users/ch.w/go/pkg/mod/github.com/gin-gonic/gin@v1.10.0/context.go:185
github.com/gin-gonic/gin.(*Engine).handleHTTPRequest(0x14000111a00, 0x14000223900)
	/Users/ch.w/go/pkg/mod/github.com/gin-gonic/gin@v1.10.0/gin.go:633 +0x6c4
github.com/gin-gonic/gin.(*Engine).ServeHTTP(0x14000111a00, {0x100a012f8, 0x14000431500}, 0x14000471040)
	/Users/ch.w/go/pkg/mod/github.com/gin-gonic/gin@v1.10.0/gin.go:589 +0x174
net/http.serverHandler.ServeHTTP({0x1009ff6c0?}, {0x100a012f8?, 0x14000431500?}, 0x6?)
	/opt/homebrew/Cellar/go/1.23.1/libexec/src/net/http/server.go:3210 +0xbc
net/http.(*conn).serve(0x14000150870, {0x100a01bd8, 0x1400047f680})
	/opt/homebrew/Cellar/go/1.23.1/libexec/src/net/http/server.go:2092 +0x4fc
created by net/http.(*Server).Serve in goroutine 1
	/opt/homebrew/Cellar/go/1.23.1/libexec/src/net/http/server.go:3360 +0x3dc

panic error time:2024-10-06 17:51:53
runtime error: integer divide by zero
stacktrace from panic:goroutine 20 [running]:
runtime/debug.Stack()
	/opt/homebrew/Cellar/go/1.23.1/libexec/src/runtime/debug/stack.go:26 +0x64
gin_study/controllers.Recover.func1()
	/Users/ch.w/Desktop/owner/go/gin_study/controllers/common.go:91 +0x244
panic({0x1014440c0?, 0x1017ab010?})
	/opt/homebrew/Cellar/go/1.23.1/libexec/src/runtime/panic.go:785 +0x124
gin_study/controllers.UserController.GetList({}, 0x6ee49cf12be?)
	/Users/ch.w/Desktop/owner/go/gin_study/controllers/user.go:29 +0x1c
github.com/gin-gonic/gin.(*Context).Next(...)
	/Users/ch.w/go/pkg/mod/github.com/gin-gonic/gin@v1.10.0/context.go:185
gin_study/controllers.Recover(0x140005a8400)
	/Users/ch.w/Desktop/owner/go/gin_study/controllers/common.go:98 +0x6c
github.com/gin-gonic/gin.(*Context).Next(...)
	/Users/ch.w/go/pkg/mod/github.com/gin-gonic/gin@v1.10.0/context.go:185
github.com/gin-gonic/gin.LoggerWithConfig.func1(0x140005a8400)
	/Users/ch.w/go/pkg/mod/github.com/gin-gonic/gin@v1.10.0/logger.go:249 +0xb8
github.com/gin-gonic/gin.(*Context).Next(...)
	/Users/ch.w/go/pkg/mod/github.com/gin-gonic/gin@v1.10.0/context.go:185
github.com/gin-gonic/gin.CustomRecoveryWithWriter.func1(0x140005a8400)
	/Users/ch.w/go/pkg/mod/github.com/gin-gonic/gin@v1.10.0/recovery.go:102 +0x7c
github.com/gin-gonic/gin.(*Context).Next(...)
	/Users/ch.w/go/pkg/mod/github.com/gin-gonic/gin@v1.10.0/context.go:185
github.com/gin-gonic/gin.LoggerWithConfig.func1(0x140005a8400)
	/Users/ch.w/go/pkg/mod/github.com/gin-gonic/gin@v1.10.0/logger.go:249 +0xb8
github.com/gin-gonic/gin.(*Context).Next(...)
	/Users/ch.w/go/pkg/mod/github.com/gin-gonic/gin@v1.10.0/context.go:185
github.com/gin-gonic/gin.(*Engine).handleHTTPRequest(0x140001424e0, 0x140005a8400)
	/Users/ch.w/go/pkg/mod/github.com/gin-gonic/gin@v1.10.0/gin.go:633 +0x6c4
github.com/gin-gonic/gin.(*Engine).ServeHTTP(0x140001424e0, {0x1014d4758, 0x140001300e0}, 0x1400011e280)
	/Users/ch.w/go/pkg/mod/github.com/gin-gonic/gin@v1.10.0/gin.go:589 +0x174
net/http.serverHandler.ServeHTTP({0x1014d2780?}, {0x1014d4758?, 0x140001300e0?}, 0x6?)
	/opt/homebrew/Cellar/go/1.23.1/libexec/src/net/http/server.go:3210 +0xbc
net/http.(*conn).serve(0x140001d01b0, {0x1014d53a8, 0x140000a6bd0})
	/opt/homebrew/Cellar/go/1.23.1/libexec/src/net/http/server.go:2092 +0x4fc
created by net/http.(*Server).Serve in goroutine 1
	/opt/homebrew/Cellar/go/1.23.1/libexec/src/net/http/server.go:3360 +0x3dc

